2025-05-24 15:49:33,555 - INFO - Starting COMPREHENSIVE court scraping...
2025-05-24 15:49:33,555 - INFO - Sample mode: True
2025-05-24 15:49:33,555 - INFO - Starting from year: 2069
2025-05-24 15:49:33,555 - INFO - Starting comprehensive scraping from year 2069
2025-05-24 15:49:33,555 - INFO - Court types to include: ['S', 'A', 'D', 'T']
2025-05-24 15:49:33,920 - INFO - Found 1 courts for type S (सर्वोच्च अदालत)
2025-05-24 15:49:34,114 - INFO - Found 18 courts for type A (उच्च अदालत)
2025-05-24 15:49:34,534 - INFO - Found 77 courts for type D (जिल्ला अदालत)
2025-05-24 15:49:34,707 - INFO - Found 1 courts for type T (विशेष अदालत)
2025-05-24 15:49:34,707 - INFO - Total courts to scrape: 97
2025-05-24 15:49:34,709 - INFO - Generated 367 dates from 2069-01-01 to 2069-12-29
2025-05-24 15:49:34,709 - INFO - SAMPLE MODE: Testing with 10 dates
2025-05-24 15:49:34,710 - INFO - Total searches to perform: 970
2025-05-24 15:49:34,710 - INFO - 
Processing court 1/97: à¤¸à¤°à¥à¤µà¥à¤à¥à¤ à¤à¤¦à¤¾à¤²à¤¤ (सर्वोच्च अदालत)
2025-05-24 15:49:40,501 - INFO - Found 31 decisions for à¤¸à¤°à¥à¤µà¥à¤à¥à¤ à¤à¤¦à¤¾à¤²à¤¤ on 2069-01-03
2025-05-24 15:49:40,502 - INFO -   ✓ 2069-01-03: 31 decisions from à¤¸à¤°à¥à¤µà¥à¤à¥à¤ à¤à¤¦à¤¾à¤²à¤¤
2025-05-24 15:49:44,400 - INFO - Found 28 decisions for à¤¸à¤°à¥à¤µà¥à¤à¥à¤ à¤à¤¦à¤¾à¤²à¤¤ on 2069-01-04
2025-05-24 15:49:44,400 - INFO -   ✓ 2069-01-04: 28 decisions from à¤¸à¤°à¥à¤µà¥à¤à¥à¤ à¤à¤¦à¤¾à¤²à¤¤
2025-05-24 15:49:48,296 - INFO - Found 24 decisions for à¤¸à¤°à¥à¤µà¥à¤à¥à¤ à¤à¤¦à¤¾à¤²à¤¤ on 2069-01-05
2025-05-24 15:49:48,297 - INFO -   ✓ 2069-01-05: 24 decisions from à¤¸à¤°à¥à¤µà¥à¤à¥à¤ à¤à¤¦à¤¾à¤²à¤¤
2025-05-24 15:49:52,221 - INFO - Found 28 decisions for à¤¸à¤°à¥à¤µà¥à¤à¥à¤ à¤à¤¦à¤¾à¤²à¤¤ on 2069-01-06
2025-05-24 15:49:52,221 - INFO -   ✓ 2069-01-06: 28 decisions from à¤¸à¤°à¥à¤µà¥à¤à¥à¤ à¤à¤¦à¤¾à¤²à¤¤
2025-05-24 15:49:55,187 - INFO - Found 14 decisions for à¤¸à¤°à¥à¤µà¥à¤à¥à¤ à¤à¤¦à¤¾à¤²à¤¤ on 2069-01-07
2025-05-24 15:49:55,187 - INFO -   ✓ 2069-01-07: 14 decisions from à¤¸à¤°à¥à¤µà¥à¤à¥à¤ à¤à¤¦à¤¾à¤²à¤¤
2025-05-24 15:49:58,111 - INFO - Found 11 decisions for à¤¸à¤°à¥à¤µà¥à¤à¥à¤ à¤à¤¦à¤¾à¤²à¤¤ on 2069-01-08
2025-05-24 15:49:58,111 - INFO -   ✓ 2069-01-08: 11 decisions from à¤¸à¤°à¥à¤µà¥à¤à¥à¤ à¤à¤¦à¤¾à¤²à¤¤
2025-05-24 15:50:03,768 - INFO - Found 23 decisions for à¤¸à¤°à¥à¤µà¥à¤à¥à¤ à¤à¤¦à¤¾à¤²à¤¤ on 2069-01-10
2025-05-24 15:50:03,768 - INFO -   ✓ 2069-01-10: 23 decisions from à¤¸à¤°à¥à¤µà¥à¤à¥à¤ à¤à¤¦à¤¾à¤²à¤¤
2025-05-24 15:50:05,271 - INFO - 
Processing court 2/97: à¤à¤à¥à¤ à¤à¤¦à¤¾à¤²à¤¤ à¤à¤¨à¤à¤ªà¥à¤° (उच्च अदालत)
2025-05-24 15:50:10,294 - INFO - Found 2 decisions for à¤à¤à¥à¤ à¤à¤¦à¤¾à¤²à¤¤ à¤à¤¨à¤à¤ªà¥à¤° on 2069-01-03
2025-05-24 15:50:10,294 - INFO -   ✓ 2069-01-03: 2 decisions from à¤à¤à¥à¤ à¤à¤¦à¤¾à¤²à¤¤ à¤à¤¨à¤à¤ªà¥à¤°
2025-05-24 15:50:15,311 - INFO - Found 1 decisions for à¤à¤à¥à¤ à¤à¤¦à¤¾à¤²à¤¤ à¤à¤¨à¤à¤ªà¥à¤° on 2069-01-05
2025-05-24 15:50:15,311 - INFO -   ✓ 2069-01-05: 1 decisions from à¤à¤à¥à¤ à¤à¤¦à¤¾à¤²à¤¤ à¤à¤¨à¤à¤ªà¥à¤°
2025-05-24 15:50:19,516 - INFO - Found 5 decisions for à¤à¤à¥à¤ à¤à¤¦à¤¾à¤²à¤¤ à¤à¤¨à¤à¤ªà¥à¤° on 2069-01-06
2025-05-24 15:50:19,516 - INFO -   ✓ 2069-01-06: 5 decisions from à¤à¤à¥à¤ à¤à¤¦à¤¾à¤²à¤¤ à¤à¤¨à¤à¤ªà¥à¤°
2025-05-24 15:50:22,133 - INFO - Found 1 decisions for à¤à¤à¥à¤ à¤à¤¦à¤¾à¤²à¤¤ à¤à¤¨à¤à¤ªà¥à¤° on 2069-01-07
2025-05-24 15:50:22,133 - INFO -   ✓ 2069-01-07: 1 decisions from à¤à¤à¥à¤ à¤à¤¦à¤¾à¤²à¤¤ à¤à¤¨à¤à¤ªà¥à¤°
2025-05-24 15:50:30,012 - INFO - 
Processing court 3/97: à¤à¤à¥à¤ à¤à¤¦à¤¾à¤²à¤¤ à¤à¤¨à¤à¤ªà¥à¤°, à¤à¤¸à¥à¤¥à¤¾à¤¯à¥ à¤à¤à¤²à¤¾à¤¸ à¤µà¥à¤°à¤à¤¨à¥à¤ (उच्च अदालत)
2025-05-24 15:50:49,389 - INFO - 
Processing court 4/97: à¤à¤à¥à¤ à¤à¤¦à¤¾à¤²à¤¤ à¤à¤¨à¤à¤ªà¥à¤°, à¤°à¤¾à¤à¤µà¤¿à¤°à¤¾à¤ à¤à¤à¤²à¤¾à¤¸ (उच्च अदालत)
2025-05-24 15:50:55,497 - INFO - Found 4 decisions for à¤à¤à¥à¤ à¤à¤¦à¤¾à¤²à¤¤ à¤à¤¨à¤à¤ªà¥à¤°, à¤°à¤¾à¤à¤µà¤¿à¤°à¤¾à¤ à¤à¤à¤²à¤¾à¤¸ on 2069-01-03
2025-05-24 15:50:55,497 - INFO -   ✓ 2069-01-03: 4 decisions from à¤à¤à¥à¤ à¤à¤¦à¤¾à¤²à¤¤ à¤à¤¨à¤à¤ªà¥à¤°, à¤°à¤¾à¤à¤µà¤¿à¤°à¤¾à¤ à¤à¤à¤²à¤¾à¤¸
2025-05-24 15:51:00,359 - INFO - Found 7 decisions for à¤à¤à¥à¤ à¤à¤¦à¤¾à¤²à¤¤ à¤à¤¨à¤à¤ªà¥à¤°, à¤°à¤¾à¤à¤µà¤¿à¤°à¤¾à¤ à¤à¤à¤²à¤¾à¤¸ on 2069-01-04
2025-05-24 15:51:00,359 - INFO -   ✓ 2069-01-04: 7 decisions from à¤à¤à¥à¤ à¤à¤¦à¤¾à¤²à¤¤ à¤à¤¨à¤à¤ªà¥à¤°, à¤°à¤¾à¤à¤µà¤¿à¤°à¤¾à¤ à¤à¤à¤²à¤¾à¤¸
2025-05-24 15:51:04,457 - INFO - Found 5 decisions for à¤à¤à¥à¤ à¤à¤¦à¤¾à¤²à¤¤ à¤à¤¨à¤à¤ªà¥à¤°, à¤°à¤¾à¤à¤µà¤¿à¤°à¤¾à¤ à¤à¤à¤²à¤¾à¤¸ on 2069-01-05
2025-05-24 15:51:04,457 - INFO -   ✓ 2069-01-05: 5 decisions from à¤à¤à¥à¤ à¤à¤¦à¤¾à¤²à¤¤ à¤à¤¨à¤à¤ªà¥à¤°, à¤°à¤¾à¤à¤µà¤¿à¤°à¤¾à¤ à¤à¤à¤²à¤¾à¤¸
2025-05-24 15:51:07,936 - INFO - Found 3 decisions for à¤à¤à¥à¤ à¤à¤¦à¤¾à¤²à¤¤ à¤à¤¨à¤à¤ªà¥à¤°, à¤°à¤¾à¤à¤µà¤¿à¤°à¤¾à¤ à¤à¤à¤²à¤¾à¤¸ on 2069-01-06
2025-05-24 15:51:07,936 - INFO -   ✓ 2069-01-06: 3 decisions from à¤à¤à¥à¤ à¤à¤¦à¤¾à¤²à¤¤ à¤à¤¨à¤à¤ªà¥à¤°, à¤°à¤¾à¤à¤µà¤¿à¤°à¤¾à¤ à¤à¤à¤²à¤¾à¤¸
2025-05-24 15:51:14,945 - INFO - Found 13 decisions for à¤à¤à¥à¤ à¤à¤¦à¤¾à¤²à¤¤ à¤à¤¨à¤à¤ªà¥à¤°, à¤°à¤¾à¤à¤µà¤¿à¤°à¤¾à¤ à¤à¤à¤²à¤¾à¤¸ on 2069-01-07
2025-05-24 15:51:14,945 - INFO -   ✓ 2069-01-07: 13 decisions from à¤à¤à¥à¤ à¤à¤¦à¤¾à¤²à¤¤ à¤à¤¨à¤à¤ªà¥à¤°, à¤°à¤¾à¤à¤µà¤¿à¤°à¤¾à¤ à¤à¤à¤²à¤¾à¤¸
2025-05-24 15:51:18,175 - INFO - Found 2 decisions for à¤à¤à¥à¤ à¤à¤¦à¤¾à¤²à¤¤ à¤à¤¨à¤à¤ªà¥à¤°, à¤°à¤¾à¤à¤µà¤¿à¤°à¤¾à¤ à¤à¤à¤²à¤¾à¤¸ on 2069-01-08
2025-05-24 15:51:18,176 - INFO -   ✓ 2069-01-08: 2 decisions from à¤à¤à¥à¤ à¤à¤¦à¤¾à¤²à¤¤ à¤à¤¨à¤à¤ªà¥à¤°, à¤°à¤¾à¤à¤µà¤¿à¤°à¤¾à¤ à¤à¤à¤²à¤¾à¤¸
2025-05-24 15:51:24,360 - INFO - Found 6 decisions for à¤à¤à¥à¤ à¤à¤¦à¤¾à¤²à¤¤ à¤à¤¨à¤à¤ªà¥à¤°, à¤°à¤¾à¤à¤µà¤¿à¤°à¤¾à¤ à¤à¤à¤²à¤¾à¤¸ on 2069-01-10
2025-05-24 15:51:24,360 - INFO -   ✓ 2069-01-10: 6 decisions from à¤à¤à¥à¤ à¤à¤¦à¤¾à¤²à¤¤ à¤à¤¨à¤à¤ªà¥à¤°, à¤°à¤¾à¤à¤µà¤¿à¤°à¤¾à¤ à¤à¤à¤²à¤¾à¤¸
2025-05-24 15:51:25,866 - INFO - 
Processing court 5/97: à¤à¤à¥à¤ à¤à¤¦à¤¾à¤²à¤¤ à¤¤à¥à¤²à¤¸à¥à¤ªà¥à¤° (उच्च अदालत)
2025-05-24 15:51:31,278 - INFO - Found 2 decisions for à¤à¤à¥à¤ à¤à¤¦à¤¾à¤²à¤¤ à¤¤à¥à¤²à¤¸à¥à¤ªà¥à¤° on 2069-01-03
2025-05-24 15:51:31,278 - INFO -   ✓ 2069-01-03: 2 decisions from à¤à¤à¥à¤ à¤à¤¦à¤¾à¤²à¤¤ à¤¤à¥à¤²à¤¸à¥à¤ªà¥à¤°
2025-05-24 15:51:35,791 - INFO - Found 1 decisions for à¤à¤à¥à¤ à¤à¤¦à¤¾à¤²à¤¤ à¤¤à¥à¤²à¤¸à¥à¤ªà¥à¤° on 2069-01-05
2025-05-24 15:51:35,791 - INFO -   ✓ 2069-01-05: 1 decisions from à¤à¤à¥à¤ à¤à¤¦à¤¾à¤²à¤¤ à¤¤à¥à¤²à¤¸à¥à¤ªà¥à¤°
2025-05-24 15:51:47,285 - INFO - Found 3 decisions for à¤à¤à¥à¤ à¤à¤¦à¤¾à¤²à¤¤ à¤¤à¥à¤²à¤¸à¥à¤ªà¥à¤° on 2069-01-10
2025-05-24 15:51:47,285 - INFO -   ✓ 2069-01-10: 3 decisions from à¤à¤à¥à¤ à¤à¤¦à¤¾à¤²à¤¤ à¤¤à¥à¤²à¤¸à¥à¤ªà¥à¤°
2025-05-24 15:51:48,786 - INFO - 
Processing court 6/97: à¤à¤à¥à¤ à¤à¤¦à¤¾à¤²à¤¤ à¤¤à¥à¤²à¤¸à¥à¤ªà¥à¤°, à¤¨à¥à¤ªà¤¾à¤²à¤à¤à¤ à¤à¤à¤²à¤¾à¤¸ (उच्च अदालत)
2025-05-24 15:51:55,372 - INFO - Found 13 decisions for à¤à¤à¥à¤ à¤à¤¦à¤¾à¤²à¤¤ à¤¤à¥à¤²à¤¸à¥à¤ªà¥à¤°, à¤¨à¥à¤ªà¤¾à¤²à¤à¤à¤ à¤à¤à¤²à¤¾à¤¸ on 2069-01-03
2025-05-24 15:51:55,373 - INFO -   ✓ 2069-01-03: 13 decisions from à¤à¤à¥à¤ à¤à¤¦à¤¾à¤²à¤¤ à¤¤à¥à¤²à¤¸à¥à¤ªà¥à¤°, à¤¨à¥à¤ªà¤¾à¤²à¤à¤à¤ à¤à¤à¤²à¤¾à¤¸
2025-05-24 15:51:58,627 - INFO - Found 2 decisions for à¤à¤à¥à¤ à¤à¤¦à¤¾à¤²à¤¤ à¤¤à¥à¤²à¤¸à¥à¤ªà¥à¤°, à¤¨à¥à¤ªà¤¾à¤²à¤à¤à¤ à¤à¤à¤²à¤¾à¤¸ on 2069-01-04
2025-05-24 15:51:58,627 - INFO -   ✓ 2069-01-04: 2 decisions from à¤à¤à¥à¤ à¤à¤¦à¤¾à¤²à¤¤ à¤¤à¥à¤²à¤¸à¥à¤ªà¥à¤°, à¤¨à¥à¤ªà¤¾à¤²à¤à¤à¤ à¤à¤à¤²à¤¾à¤¸
2025-05-24 15:52:02,005 - INFO - Found 2 decisions for à¤à¤à¥à¤ à¤à¤¦à¤¾à¤²à¤¤ à¤¤à¥à¤²à¤¸à¥à¤ªà¥à¤°, à¤¨à¥à¤ªà¤¾à¤²à¤à¤à¤ à¤à¤à¤²à¤¾à¤¸ on 2069-01-05
2025-05-24 15:52:02,005 - INFO -   ✓ 2069-01-05: 2 decisions from à¤à¤à¥à¤ à¤à¤¦à¤¾à¤²à¤¤ à¤¤à¥à¤²à¤¸à¥à¤ªà¥à¤°, à¤¨à¥à¤ªà¤¾à¤²à¤à¤à¤ à¤à¤à¤²à¤¾à¤¸
2025-05-24 15:52:06,813 - INFO - Found 1 decisions for à¤à¤à¥à¤ à¤à¤¦à¤¾à¤²à¤¤ à¤¤à¥à¤²à¤¸à¥à¤ªà¥à¤°, à¤¨à¥à¤ªà¤¾à¤²à¤à¤à¤ à¤à¤à¤²à¤¾à¤¸ on 2069-01-07
2025-05-24 15:52:06,813 - INFO -   ✓ 2069-01-07: 1 decisions from à¤à¤à¥à¤ à¤à¤¦à¤¾à¤²à¤¤ à¤¤à¥à¤²à¤¸à¥à¤ªà¥à¤°, à¤¨à¥à¤ªà¤¾à¤²à¤à¤à¤ à¤à¤à¤²à¤¾à¤¸
2025-05-24 15:52:10,094 - INFO - Found 3 decisions for à¤à¤à¥à¤ à¤à¤¦à¤¾à¤²à¤¤ à¤¤à¥à¤²à¤¸à¥à¤ªà¥à¤°, à¤¨à¥à¤ªà¤¾à¤²à¤à¤à¤ à¤à¤à¤²à¤¾à¤¸ on 2069-01-08
2025-05-24 15:52:10,095 - INFO -   ✓ 2069-01-08: 3 decisions from à¤à¤à¥à¤ à¤à¤¦à¤¾à¤²à¤¤ à¤¤à¥à¤²à¤¸à¥à¤ªà¥à¤°, à¤¨à¥à¤ªà¤¾à¤²à¤à¤à¤ à¤à¤à¤²à¤¾à¤¸
2025-05-24 15:52:15,207 - INFO - Found 2 decisions for à¤à¤à¥à¤ à¤à¤¦à¤¾à¤²à¤¤ à¤¤à¥à¤²à¤¸à¥à¤ªà¥à¤°, à¤¨à¥à¤ªà¤¾à¤²à¤à¤à¤ à¤à¤à¤²à¤¾à¤¸ on 2069-01-10
2025-05-24 15:52:15,207 - INFO -   ✓ 2069-01-10: 2 decisions from à¤à¤à¥à¤ à¤à¤¦à¤¾à¤²à¤¤ à¤¤à¥à¤²à¤¸à¥à¤ªà¥à¤°, à¤¨à¥à¤ªà¤¾à¤²à¤à¤à¤ à¤à¤à¤²à¤¾à¤¸
2025-05-24 15:52:16,713 - INFO - 
Processing court 7/97: à¤à¤à¥à¤ à¤à¤¦à¤¾à¤²à¤¤ à¤¤à¥à¤²à¤¸à¥à¤ªà¥à¤°, à¤¬à¥à¤à¤µà¤² à¤à¤à¤²à¤¾à¤¸ (उच्च अदालत)
2025-05-24 15:52:30,070 - INFO - Found 7 decisions for à¤à¤à¥à¤ à¤à¤¦à¤¾à¤²à¤¤ à¤¤à¥à¤²à¤¸à¥à¤ªà¥à¤°, à¤¬à¥à¤à¤µà¤² à¤à¤à¤²à¤¾à¤¸ on 2069-01-06
2025-05-24 15:52:30,070 - INFO -   ✓ 2069-01-06: 7 decisions from à¤à¤à¥à¤ à¤à¤¦à¤¾à¤²à¤¤ à¤¤à¥à¤²à¤¸à¥à¤ªà¥à¤°, à¤¬à¥à¤à¤µà¤² à¤à¤à¤²à¤¾à¤¸
2025-05-24 15:52:34,893 - INFO - Found 1 decisions for à¤à¤à¥à¤ à¤à¤¦à¤¾à¤²à¤¤ à¤¤à¥à¤²à¤¸à¥à¤ªà¥à¤°, à¤¬à¥à¤à¤µà¤² à¤à¤à¤²à¤¾à¤¸ on 2069-01-08
2025-05-24 15:52:34,893 - INFO -   ✓ 2069-01-08: 1 decisions from à¤à¤à¥à¤ à¤à¤¦à¤¾à¤²à¤¤ à¤¤à¥à¤²à¤¸à¥à¤ªà¥à¤°, à¤¬à¥à¤à¤µà¤² à¤à¤à¤²à¤¾à¤¸
2025-05-24 15:52:39,895 - INFO - Found 3 decisions for à¤à¤à¥à¤ à¤à¤¦à¤¾à¤²à¤¤ à¤¤à¥à¤²à¤¸à¥à¤ªà¥à¤°, à¤¬à¥à¤à¤µà¤² à¤à¤à¤²à¤¾à¤¸ on 2069-01-10
2025-05-24 15:52:39,895 - INFO -   ✓ 2069-01-10: 3 decisions from à¤à¤à¥à¤ à¤à¤¦à¤¾à¤²à¤¤ à¤¤à¥à¤²à¤¸à¥à¤ªà¥à¤°, à¤¬à¥à¤à¤µà¤² à¤à¤à¤²à¤¾à¤¸
2025-05-24 15:52:41,399 - INFO - 
Processing court 8/97: à¤à¤à¥à¤ à¤à¤¦à¤¾à¤²à¤¤ à¤¦à¤¿à¤ªà¤¾à¤¯à¤² (उच्च अदालत)
2025-05-24 15:52:46,527 - INFO - Found 1 decisions for à¤à¤à¥à¤ à¤à¤¦à¤¾à¤²à¤¤ à¤¦à¤¿à¤ªà¤¾à¤¯à¤² on 2069-01-03
2025-05-24 15:52:46,527 - INFO -   ✓ 2069-01-03: 1 decisions from à¤à¤à¥à¤ à¤à¤¦à¤¾à¤²à¤¤ à¤¦à¤¿à¤ªà¤¾à¤¯à¤²
2025-05-24 15:52:54,896 - INFO - Found 1 decisions for à¤à¤à¥à¤ à¤à¤¦à¤¾à¤²à¤¤ à¤¦à¤¿à¤ªà¤¾à¤¯à¤² on 2069-01-07
2025-05-24 15:52:54,896 - INFO -   ✓ 2069-01-07: 1 decisions from à¤à¤à¥à¤ à¤à¤¦à¤¾à¤²à¤¤ à¤¦à¤¿à¤ªà¤¾à¤¯à¤²
2025-05-24 15:53:02,291 - INFO - 
Processing court 9/97: à¤à¤à¥à¤ à¤à¤¦à¤¾à¤²à¤¤ à¤¦à¤¿à¤ªà¤¾à¤¯à¤², à¤®à¤¹à¥à¤¨à¥à¤¦à¥à¤°à¤¨à¤à¤° à¤à¤à¤²à¤¾à¤¸ (उच्च अदालत)
2025-05-24 15:53:07,861 - INFO - Found 2 decisions for à¤à¤à¥à¤ à¤à¤¦à¤¾à¤²à¤¤ à¤¦à¤¿à¤ªà¤¾à¤¯à¤², à¤®à¤¹à¥à¤¨à¥à¤¦à¥à¤°à¤¨à¤à¤° à¤à¤à¤²à¤¾à¤¸ on 2069-01-03
2025-05-24 15:53:07,861 - INFO -   ✓ 2069-01-03: 2 decisions from à¤à¤à¥à¤ à¤à¤¦à¤¾à¤²à¤¤ à¤¦à¤¿à¤ªà¤¾à¤¯à¤², à¤®à¤¹à¥à¤¨à¥à¤¦à¥à¤°à¤¨à¤à¤° à¤à¤à¤²à¤¾à¤¸
2025-05-24 15:53:16,162 - INFO - Found 1 decisions for à¤à¤à¥à¤ à¤à¤¦à¤¾à¤²à¤¤ à¤¦à¤¿à¤ªà¤¾à¤¯à¤², à¤®à¤¹à¥à¤¨à¥à¤¦à¥à¤°à¤¨à¤à¤° à¤à¤à¤²à¤¾à¤¸ on 2069-01-07
2025-05-24 15:53:16,162 - INFO -   ✓ 2069-01-07: 1 decisions from à¤à¤à¥à¤ à¤à¤¦à¤¾à¤²à¤¤ à¤¦à¤¿à¤ªà¤¾à¤¯à¤², à¤®à¤¹à¥à¤¨à¥à¤¦à¥à¤°à¤¨à¤à¤° à¤à¤à¤²à¤¾à¤¸
2025-05-24 15:53:23,530 - INFO - 
Processing court 10/97: à¤à¤à¥à¤ à¤à¤¦à¤¾à¤²à¤¤ à¤ªà¤¾à¤à¤¨ (उच्च अदालत)
2025-05-24 15:53:33,173 - INFO - Found 17 decisions for à¤à¤à¥à¤ à¤à¤¦à¤¾à¤²à¤¤ à¤ªà¤¾à¤à¤¨ on 2069-01-03
2025-05-24 15:53:33,174 - INFO -   ✓ 2069-01-03: 17 decisions from à¤à¤à¥à¤ à¤à¤¦à¤¾à¤²à¤¤ à¤ªà¤¾à¤à¤¨
2025-05-24 15:53:39,389 - INFO - Found 12 decisions for à¤à¤à¥à¤ à¤à¤¦à¤¾à¤²à¤¤ à¤ªà¤¾à¤à¤¨ on 2069-01-04
2025-05-24 15:53:39,389 - INFO -   ✓ 2069-01-04: 12 decisions from à¤à¤à¥à¤ à¤à¤¦à¤¾à¤²à¤¤ à¤ªà¤¾à¤à¤¨
2025-05-24 15:53:58,180 - INFO - Found 53 decisions for à¤à¤à¥à¤ à¤à¤¦à¤¾à¤²à¤¤ à¤ªà¤¾à¤à¤¨ on 2069-01-05
2025-05-24 15:53:58,180 - INFO -   ✓ 2069-01-05: 53 decisions from à¤à¤à¥à¤ à¤à¤¦à¤¾à¤²à¤¤ à¤ªà¤¾à¤à¤¨
2025-05-24 15:54:06,944 - INFO - Found 19 decisions for à¤à¤à¥à¤ à¤à¤¦à¤¾à¤²à¤¤ à¤ªà¤¾à¤à¤¨ on 2069-01-06
2025-05-24 15:54:06,944 - INFO -   ✓ 2069-01-06: 19 decisions from à¤à¤à¥à¤ à¤à¤¦à¤¾à¤²à¤¤ à¤ªà¤¾à¤à¤¨
2025-05-24 15:54:20,090 - INFO - Found 35 decisions for à¤à¤à¥à¤ à¤à¤¦à¤¾à¤²à¤¤ à¤ªà¤¾à¤à¤¨ on 2069-01-07
2025-05-24 15:54:20,090 - INFO -   ✓ 2069-01-07: 35 decisions from à¤à¤à¥à¤ à¤à¤¦à¤¾à¤²à¤¤ à¤ªà¤¾à¤à¤¨
2025-05-24 15:54:26,853 - INFO - Found 16 decisions for à¤à¤à¥à¤ à¤à¤¦à¤¾à¤²à¤¤ à¤ªà¤¾à¤à¤¨ on 2069-01-08
2025-05-24 15:54:26,854 - INFO -   ✓ 2069-01-08: 16 decisions from à¤à¤à¥à¤ à¤à¤¦à¤¾à¤²à¤¤ à¤ªà¤¾à¤à¤¨
2025-05-24 15:54:30,258 - INFO - Progress: 100/970 (10.3%) - Found 405 decisions so far
2025-05-24 15:54:37,171 - INFO - Found 18 decisions for à¤à¤à¥à¤ à¤à¤¦à¤¾à¤²à¤¤ à¤ªà¤¾à¤à¤¨ on 2069-01-10
2025-05-24 15:54:37,171 - INFO -   ✓ 2069-01-10: 18 decisions from à¤à¤à¥à¤ à¤à¤¦à¤¾à¤²à¤¤ à¤ªà¤¾à¤à¤¨
2025-05-24 15:54:38,676 - INFO - 
Processing court 11/97: à¤à¤à¥à¤ à¤à¤¦à¤¾à¤²à¤¤ à¤ªà¤¾à¤à¤¨, à¤¹à¥à¤à¥à¤à¤¡à¤¾ à¤à¤à¤²à¤¾à¤¸ (उच्च अदालत)
2025-05-24 15:54:43,900 - INFO - Found 2 decisions for à¤à¤à¥à¤ à¤à¤¦à¤¾à¤²à¤¤ à¤ªà¤¾à¤à¤¨, à¤¹à¥à¤à¥à¤à¤¡à¤¾ à¤à¤à¤²à¤¾à¤¸ on 2069-01-03
2025-05-24 15:54:43,900 - INFO -   ✓ 2069-01-03: 2 decisions from à¤à¤à¥à¤ à¤à¤¦à¤¾à¤²à¤¤ à¤ªà¤¾à¤à¤¨, à¤¹à¥à¤à¥à¤à¤¡à¤¾ à¤à¤à¤²à¤¾à¤¸
2025-05-24 15:54:47,072 - INFO - Found 3 decisions for à¤à¤à¥à¤ à¤à¤¦à¤¾à¤²à¤¤ à¤ªà¤¾à¤à¤¨, à¤¹à¥à¤à¥à¤à¤¡à¤¾ à¤à¤à¤²à¤¾à¤¸ on 2069-01-04
2025-05-24 15:54:47,073 - INFO -   ✓ 2069-01-04: 3 decisions from à¤à¤à¥à¤ à¤à¤¦à¤¾à¤²à¤¤ à¤ªà¤¾à¤à¤¨, à¤¹à¥à¤à¥à¤à¤¡à¤¾ à¤à¤à¤²à¤¾à¤¸
2025-05-24 15:54:51,148 - INFO - Found 7 decisions for à¤à¤à¥à¤ à¤à¤¦à¤¾à¤²à¤¤ à¤ªà¤¾à¤à¤¨, à¤¹à¥à¤à¥à¤à¤¡à¤¾ à¤à¤à¤²à¤¾à¤¸ on 2069-01-05
2025-05-24 15:54:51,148 - INFO -   ✓ 2069-01-05: 7 decisions from à¤à¤à¥à¤ à¤à¤¦à¤¾à¤²à¤¤ à¤ªà¤¾à¤à¤¨, à¤¹à¥à¤à¥à¤à¤¡à¤¾ à¤à¤à¤²à¤¾à¤¸
2025-05-24 15:54:54,037 - INFO - Found 1 decisions for à¤à¤à¥à¤ à¤à¤¦à¤¾à¤²à¤¤ à¤ªà¤¾à¤à¤¨, à¤¹à¥à¤à¥à¤à¤¡à¤¾ à¤à¤à¤²à¤¾à¤¸ on 2069-01-06
2025-05-24 15:54:54,037 - INFO -   ✓ 2069-01-06: 1 decisions from à¤à¤à¥à¤ à¤à¤¦à¤¾à¤²à¤¤ à¤ªà¤¾à¤à¤¨, à¤¹à¥à¤à¥à¤à¤¡à¤¾ à¤à¤à¤²à¤¾à¤¸
2025-05-24 15:54:57,521 - INFO - Found 5 decisions for à¤à¤à¥à¤ à¤à¤¦à¤¾à¤²à¤¤ à¤ªà¤¾à¤à¤¨, à¤¹à¥à¤à¥à¤à¤¡à¤¾ à¤à¤à¤²à¤¾à¤¸ on 2069-01-07
2025-05-24 15:54:57,521 - INFO -   ✓ 2069-01-07: 5 decisions from à¤à¤à¥à¤ à¤à¤¦à¤¾à¤²à¤¤ à¤ªà¤¾à¤à¤¨, à¤¹à¥à¤à¥à¤à¤¡à¤¾ à¤à¤à¤²à¤¾à¤¸
2025-05-24 15:55:04,380 - INFO - Found 1 decisions for à¤à¤à¥à¤ à¤à¤¦à¤¾à¤²à¤¤ à¤ªà¤¾à¤à¤¨, à¤¹à¥à¤à¥à¤à¤¡à¤¾ à¤à¤à¤²à¤¾à¤¸ on 2069-01-10
2025-05-24 15:55:04,380 - INFO -   ✓ 2069-01-10: 1 decisions from à¤à¤à¥à¤ à¤à¤¦à¤¾à¤²à¤¤ à¤ªà¤¾à¤à¤¨, à¤¹à¥à¤à¥à¤à¤¡à¤¾ à¤à¤à¤²à¤¾à¤¸
2025-05-24 15:55:05,884 - INFO - 
Processing court 12/97: à¤à¤à¥à¤ à¤à¤¦à¤¾à¤²à¤¤ à¤ªà¥à¤à¤°à¤¾ (उच्च अदालत)
2025-05-24 15:55:12,849 - INFO - Found 1 decisions for à¤à¤à¥à¤ à¤à¤¦à¤¾à¤²à¤¤ à¤ªà¥à¤à¤°à¤¾ on 2069-01-04
2025-05-24 15:55:12,849 - INFO -   ✓ 2069-01-04: 1 decisions from à¤à¤à¥à¤ à¤à¤¦à¤¾à¤²à¤¤ à¤ªà¥à¤à¤°à¤¾
2025-05-24 15:55:16,372 - INFO - Found 5 decisions for à¤à¤à¥à¤ à¤à¤¦à¤¾à¤²à¤¤ à¤ªà¥à¤à¤°à¤¾ on 2069-01-05
2025-05-24 15:55:16,372 - INFO -   ✓ 2069-01-05: 5 decisions from à¤à¤à¥à¤ à¤à¤¦à¤¾à¤²à¤¤ à¤ªà¥à¤à¤°à¤¾
2025-05-24 15:55:23,427 - INFO - Found 3 decisions for à¤à¤à¥à¤ à¤à¤¦à¤¾à¤²à¤¤ à¤ªà¥à¤à¤°à¤¾ on 2069-01-08
2025-05-24 15:55:23,427 - INFO -   ✓ 2069-01-08: 3 decisions from à¤à¤à¥à¤ à¤à¤¦à¤¾à¤²à¤¤ à¤ªà¥à¤à¤°à¤¾
2025-05-24 15:55:29,330 - INFO - 
Processing court 13/97: à¤à¤à¥à¤ à¤à¤¦à¤¾à¤²à¤¤ à¤ªà¥à¤à¤°à¤¾, à¤¬à¤¾à¤à¥à¤²à¥à¤à¥à¤ à¤à¤à¤²à¤¾à¤¸ (उच्च अदालत)
2025-05-24 15:55:36,420 - INFO - Found 1 decisions for à¤à¤à¥à¤ à¤à¤¦à¤¾à¤²à¤¤ à¤ªà¥à¤à¤°à¤¾, à¤¬à¤¾à¤à¥à¤²à¥à¤à¥à¤ à¤à¤à¤²à¤¾à¤¸ on 2069-01-04
2025-05-24 15:55:36,420 - INFO -   ✓ 2069-01-04: 1 decisions from à¤à¤à¥à¤ à¤à¤¦à¤¾à¤²à¤¤ à¤ªà¥à¤à¤°à¤¾, à¤¬à¤¾à¤à¥à¤²à¥à¤à¥à¤ à¤à¤à¤²à¤¾à¤¸
2025-05-24 15:55:43,077 - INFO - Found 2 decisions for à¤à¤à¥à¤ à¤à¤¦à¤¾à¤²à¤¤ à¤ªà¥à¤à¤°à¤¾, à¤¬à¤¾à¤à¥à¤²à¥à¤à¥à¤ à¤à¤à¤²à¤¾à¤¸ on 2069-01-07
2025-05-24 15:55:43,077 - INFO -   ✓ 2069-01-07: 2 decisions from à¤à¤à¥à¤ à¤à¤¦à¤¾à¤²à¤¤ à¤ªà¥à¤à¤°à¤¾, à¤¬à¤¾à¤à¥à¤²à¥à¤à¥à¤ à¤à¤à¤²à¤¾à¤¸
2025-05-24 15:55:49,526 - INFO - Found 1 decisions for à¤à¤à¥à¤ à¤à¤¦à¤¾à¤²à¤¤ à¤ªà¥à¤à¤°à¤¾, à¤¬à¤¾à¤à¥à¤²à¥à¤à¥à¤ à¤à¤à¤²à¤¾à¤¸ on 2069-01-10
2025-05-24 15:55:49,527 - INFO -   ✓ 2069-01-10: 1 decisions from à¤à¤à¥à¤ à¤à¤¦à¤¾à¤²à¤¤ à¤ªà¥à¤à¤°à¤¾, à¤¬à¤¾à¤à¥à¤²à¥à¤à¥à¤ à¤à¤à¤²à¤¾à¤¸
2025-05-24 15:55:51,032 - INFO - 
Processing court 14/97: à¤à¤à¥à¤ à¤à¤¦à¤¾à¤²à¤¤ à¤µà¤¿à¤°à¤¾à¤à¤¨à¤à¤° (उच्च अदालत)
2025-05-24 15:55:56,908 - INFO - Found 4 decisions for à¤à¤à¥à¤ à¤à¤¦à¤¾à¤²à¤¤ à¤µà¤¿à¤°à¤¾à¤à¤¨à¤à¤° on 2069-01-03
2025-05-24 15:55:56,909 - INFO -   ✓ 2069-01-03: 4 decisions from à¤à¤à¥à¤ à¤à¤¦à¤¾à¤²à¤¤ à¤µà¤¿à¤°à¤¾à¤à¤¨à¤à¤°
2025-05-24 15:56:00,394 - INFO - Found 3 decisions for à¤à¤à¥à¤ à¤à¤¦à¤¾à¤²à¤¤ à¤µà¤¿à¤°à¤¾à¤à¤¨à¤à¤° on 2069-01-04
2025-05-24 15:56:00,394 - INFO -   ✓ 2069-01-04: 3 decisions from à¤à¤à¥à¤ à¤à¤¦à¤¾à¤²à¤¤ à¤µà¤¿à¤°à¤¾à¤à¤¨à¤à¤°
2025-05-24 15:56:04,177 - INFO - Found 3 decisions for à¤à¤à¥à¤ à¤à¤¦à¤¾à¤²à¤¤ à¤µà¤¿à¤°à¤¾à¤à¤¨à¤à¤° on 2069-01-05
2025-05-24 15:56:04,177 - INFO -   ✓ 2069-01-05: 3 decisions from à¤à¤à¥à¤ à¤à¤¦à¤¾à¤²à¤¤ à¤µà¤¿à¤°à¤¾à¤à¤¨à¤à¤°
2025-05-24 15:56:07,766 - INFO - Found 4 decisions for à¤à¤à¥à¤ à¤à¤¦à¤¾à¤²à¤¤ à¤µà¤¿à¤°à¤¾à¤à¤¨à¤à¤° on 2069-01-06
2025-05-24 15:56:07,767 - INFO -   ✓ 2069-01-06: 4 decisions from à¤à¤à¥à¤ à¤à¤¦à¤¾à¤²à¤¤ à¤µà¤¿à¤°à¤¾à¤à¤¨à¤à¤°
2025-05-24 15:56:12,879 - INFO - Found 2 decisions for à¤à¤à¥à¤ à¤à¤¦à¤¾à¤²à¤¤ à¤µà¤¿à¤°à¤¾à¤à¤¨à¤à¤° on 2069-01-08
2025-05-24 15:56:12,880 - INFO -   ✓ 2069-01-08: 2 decisions from à¤à¤à¥à¤ à¤à¤¦à¤¾à¤²à¤¤ à¤µà¤¿à¤°à¤¾à¤à¤¨à¤à¤°
2025-05-24 15:56:17,999 - INFO - Found 2 decisions for à¤à¤à¥à¤ à¤à¤¦à¤¾à¤²à¤¤ à¤µà¤¿à¤°à¤¾à¤à¤¨à¤à¤° on 2069-01-10
2025-05-24 15:56:17,999 - INFO -   ✓ 2069-01-10: 2 decisions from à¤à¤à¥à¤ à¤à¤¦à¤¾à¤²à¤¤ à¤µà¤¿à¤°à¤¾à¤à¤¨à¤à¤°
2025-05-24 15:56:19,504 - INFO - 
Processing court 15/97: à¤à¤à¥à¤ à¤à¤¦à¤¾à¤²à¤¤ à¤µà¤¿à¤°à¤¾à¤à¤¨à¤à¤°, à¤à¤¸à¥à¤¥à¤¾à¤¯à¥ à¤à¤à¤²à¤¾à¤¸ à¤à¤à¤²à¤¢à¥à¤à¤à¤¾ (उच्च अदालत)
2025-05-24 15:56:38,500 - INFO - 
Processing court 16/97: à¤à¤à¥à¤ à¤à¤¦à¤¾à¤²à¤¤ à¤µà¤¿à¤°à¤¾à¤à¤¨à¤à¤°, à¤à¤²à¤¾à¤® à¤à¤à¤²à¤¾à¤¸ (उच्च अदालत)
2025-05-24 15:56:45,751 - INFO - Found 3 decisions for à¤à¤à¥à¤ à¤à¤¦à¤¾à¤²à¤¤ à¤µà¤¿à¤°à¤¾à¤à¤¨à¤à¤°, à¤à¤²à¤¾à¤® à¤à¤à¤²à¤¾à¤¸ on 2069-01-04
2025-05-24 15:56:45,751 - INFO -   ✓ 2069-01-04: 3 decisions from à¤à¤à¥à¤ à¤à¤¦à¤¾à¤²à¤¤ à¤µà¤¿à¤°à¤¾à¤à¤¨à¤à¤°, à¤à¤²à¤¾à¤® à¤à¤à¤²à¤¾à¤¸
2025-05-24 15:56:48,298 - INFO - Found 1 decisions for à¤à¤à¥à¤ à¤à¤¦à¤¾à¤²à¤¤ à¤µà¤¿à¤°à¤¾à¤à¤¨à¤à¤°, à¤à¤²à¤¾à¤® à¤à¤à¤²à¤¾à¤¸ on 2069-01-05
2025-05-24 15:56:48,298 - INFO -   ✓ 2069-01-05: 1 decisions from à¤à¤à¥à¤ à¤à¤¦à¤¾à¤²à¤¤ à¤µà¤¿à¤°à¤¾à¤à¤¨à¤à¤°, à¤à¤²à¤¾à¤® à¤à¤à¤²à¤¾à¤¸
2025-05-24 15:56:58,557 - INFO - Found 1 decisions for à¤à¤à¥à¤ à¤à¤¦à¤¾à¤²à¤¤ à¤µà¤¿à¤°à¤¾à¤à¤¨à¤à¤°, à¤à¤²à¤¾à¤® à¤à¤à¤²à¤¾à¤¸ on 2069-01-10
2025-05-24 15:56:58,557 - INFO -   ✓ 2069-01-10: 1 decisions from à¤à¤à¥à¤ à¤à¤¦à¤¾à¤²à¤¤ à¤µà¤¿à¤°à¤¾à¤à¤¨à¤à¤°, à¤à¤²à¤¾à¤® à¤à¤à¤²à¤¾à¤¸
2025-05-24 15:57:00,058 - INFO - 
Processing court 17/97: à¤à¤à¥à¤ à¤à¤¦à¤¾à¤²à¤¤ à¤µà¤¿à¤°à¤¾à¤à¤¨à¤à¤°, à¤§à¤¨à¤à¥à¤à¤¾ à¤à¤à¤²à¤¾à¤¸ (उच्च अदालत)
2025-05-24 15:57:04,761 - INFO - Found 1 decisions for à¤à¤à¥à¤ à¤à¤¦à¤¾à¤²à¤¤ à¤µà¤¿à¤°à¤¾à¤à¤¨à¤à¤°, à¤§à¤¨à¤à¥à¤à¤¾ à¤à¤à¤²à¤¾à¤¸ on 2069-01-03
2025-05-24 15:57:04,761 - INFO -   ✓ 2069-01-03: 1 decisions from à¤à¤à¥à¤ à¤à¤¦à¤¾à¤²à¤¤ à¤µà¤¿à¤°à¤¾à¤à¤¨à¤à¤°, à¤§à¤¨à¤à¥à¤à¤¾ à¤à¤à¤²à¤¾à¤¸
2025-05-24 15:57:07,359 - INFO - Found 1 decisions for à¤à¤à¥à¤ à¤à¤¦à¤¾à¤²à¤¤ à¤µà¤¿à¤°à¤¾à¤à¤¨à¤à¤°, à¤§à¤¨à¤à¥à¤à¤¾ à¤à¤à¤²à¤¾à¤¸ on 2069-01-04
2025-05-24 15:57:07,359 - INFO -   ✓ 2069-01-04: 1 decisions from à¤à¤à¥à¤ à¤à¤¦à¤¾à¤²à¤¤ à¤µà¤¿à¤°à¤¾à¤à¤¨à¤à¤°, à¤§à¤¨à¤à¥à¤à¤¾ à¤à¤à¤²à¤¾à¤¸
2025-05-24 15:57:11,674 - INFO - Found 1 decisions for à¤à¤à¥à¤ à¤à¤¦à¤¾à¤²à¤¤ à¤µà¤¿à¤°à¤¾à¤à¤¨à¤à¤°, à¤§à¤¨à¤à¥à¤à¤¾ à¤à¤à¤²à¤¾à¤¸ on 2069-01-06
2025-05-24 15:57:11,674 - INFO -   ✓ 2069-01-06: 1 decisions from à¤à¤à¥à¤ à¤à¤¦à¤¾à¤²à¤¤ à¤µà¤¿à¤°à¤¾à¤à¤¨à¤à¤°, à¤§à¤¨à¤à¥à¤à¤¾ à¤à¤à¤²à¤¾à¤¸
2025-05-24 15:57:20,159 - INFO - Found 2 decisions for à¤à¤à¥à¤ à¤à¤¦à¤¾à¤²à¤¤ à¤µà¤¿à¤°à¤¾à¤à¤¨à¤à¤°, à¤§à¤¨à¤à¥à¤à¤¾ à¤à¤à¤²à¤¾à¤¸ on 2069-01-10
2025-05-24 15:57:20,159 - INFO -   ✓ 2069-01-10: 2 decisions from à¤à¤à¥à¤ à¤à¤¦à¤¾à¤²à¤¤ à¤µà¤¿à¤°à¤¾à¤à¤¨à¤à¤°, à¤§à¤¨à¤à¥à¤à¤¾ à¤à¤à¤²à¤¾à¤¸
2025-05-24 15:57:21,664 - INFO - 
Processing court 18/97: à¤à¤à¥à¤ à¤à¤¦à¤¾à¤²à¤¤ à¤¸à¥à¤°à¥à¤à¥à¤¤ (उच्च अदालत)
2025-05-24 15:57:27,066 - INFO - Found 2 decisions for à¤à¤à¥à¤ à¤à¤¦à¤¾à¤²à¤¤ à¤¸à¥à¤°à¥à¤à¥à¤¤ on 2069-01-03
2025-05-24 15:57:27,066 - INFO -   ✓ 2069-01-03: 2 decisions from à¤à¤à¥à¤ à¤à¤¦à¤¾à¤²à¤¤ à¤¸à¥à¤°à¥à¤à¥à¤¤
2025-05-24 15:57:42,142 - INFO - 
Processing court 19/97: à¤à¤à¥à¤ à¤à¤¦à¤¾à¤²à¤¤ à¤¸à¥à¤°à¥à¤à¥à¤¤, à¤à¥à¤®à¥à¤²à¤¾ à¤à¤à¤²à¤¾à¤¸ (उच्च अदालत)
2025-05-24 15:58:00,987 - INFO - 
Processing court 20/97: à¤à¤à¤¾à¤® à¤à¤¿à¤²à¥à¤²à¤¾ à¤à¤¦à¤¾à¤²à¤¤ (जिल्ला अदालत)
2025-05-24 15:58:20,253 - INFO - Progress: 200/970 (20.6%) - Found 485 decisions so far
2025-05-24 15:58:22,592 - INFO - 
Processing court 21/97: à¤à¤°à¥à¤§à¤¾à¤à¤¾à¤à¤à¥ à¤à¤¿à¤²à¥à¤²à¤¾ à¤à¤¦à¤¾à¤²à¤¤ (जिल्ला अदालत)
2025-05-24 15:58:34,298 - INFO - Found 1 decisions for à¤à¤°à¥à¤§à¤¾à¤à¤¾à¤à¤à¥ à¤à¤¿à¤²à¥à¤²à¤¾ à¤à¤¦à¤¾à¤²à¤¤ on 2069-01-06
2025-05-24 15:58:34,298 - INFO -   ✓ 2069-01-06: 1 decisions from à¤à¤°à¥à¤§à¤¾à¤à¤¾à¤à¤à¥ à¤à¤¿à¤²à¥à¤²à¤¾ à¤à¤¦à¤¾à¤²à¤¤
2025-05-24 15:58:38,612 - INFO - Found 1 decisions for à¤à¤°à¥à¤§à¤¾à¤à¤¾à¤à¤à¥ à¤à¤¿à¤²à¥à¤²à¤¾ à¤à¤¦à¤¾à¤²à¤¤ on 2069-01-08
2025-05-24 15:58:38,612 - INFO -   ✓ 2069-01-08: 1 decisions from à¤à¤°à¥à¤§à¤¾à¤à¤¾à¤à¤à¥ à¤à¤¿à¤²à¥à¤²à¤¾ à¤à¤¦à¤¾à¤²à¤¤
2025-05-24 15:58:43,824 - INFO - Found 2 decisions for à¤à¤°à¥à¤§à¤¾à¤à¤¾à¤à¤à¥ à¤à¤¿à¤²à¥à¤²à¤¾ à¤à¤¦à¤¾à¤²à¤¤ on 2069-01-10
2025-05-24 15:58:43,825 - INFO -   ✓ 2069-01-10: 2 decisions from à¤à¤°à¥à¤§à¤¾à¤à¤¾à¤à¤à¥ à¤à¤¿à¤²à¥à¤²à¤¾ à¤à¤¦à¤¾à¤²à¤¤
2025-05-24 15:58:45,329 - INFO - 
Processing court 22/97: à¤à¤²à¤¾à¤® à¤à¤¿à¤²à¥à¤²à¤¾ à¤à¤¦à¤¾à¤²à¤¤ (जिल्ला अदालत)
2025-05-24 15:58:51,911 - INFO - Found 4 decisions for à¤à¤²à¤¾à¤® à¤à¤¿à¤²à¥à¤²à¤¾ à¤à¤¦à¤¾à¤²à¤¤ on 2069-01-03
2025-05-24 15:58:51,911 - INFO -   ✓ 2069-01-03: 4 decisions from à¤à¤²à¤¾à¤® à¤à¤¿à¤²à¥à¤²à¤¾ à¤à¤¦à¤¾à¤²à¤¤
2025-05-24 15:58:58,897 - INFO - Found 1 decisions for à¤à¤²à¤¾à¤® à¤à¤¿à¤²à¥à¤²à¤¾ à¤à¤¦à¤¾à¤²à¤¤ on 2069-01-06
2025-05-24 15:58:58,897 - INFO -   ✓ 2069-01-06: 1 decisions from à¤à¤²à¤¾à¤® à¤à¤¿à¤²à¥à¤²à¤¾ à¤à¤¦à¤¾à¤²à¤¤
2025-05-24 15:59:01,350 - INFO - Found 1 decisions for à¤à¤²à¤¾à¤® à¤à¤¿à¤²à¥à¤²à¤¾ à¤à¤¦à¤¾à¤²à¤¤ on 2069-01-07
2025-05-24 15:59:01,351 - INFO -   ✓ 2069-01-07: 1 decisions from à¤à¤²à¤¾à¤® à¤à¤¿à¤²à¥à¤²à¤¾ à¤à¤¦à¤¾à¤²à¤¤
2025-05-24 15:59:08,051 - INFO - Found 1 decisions for à¤à¤²à¤¾à¤® à¤à¤¿à¤²à¥à¤²à¤¾ à¤à¤¦à¤¾à¤²à¤¤ on 2069-01-10
2025-05-24 15:59:08,051 - INFO -   ✓ 2069-01-10: 1 decisions from à¤à¤²à¤¾à¤® à¤à¤¿à¤²à¥à¤²à¤¾ à¤à¤¦à¤¾à¤²à¤¤
2025-05-24 15:59:09,558 - INFO - 
Processing court 23/97: à¤à¤¦à¤¯à¤ªà¥à¤° à¤à¤¿à¤²à¥à¤²à¤¾ à¤à¤¦à¤¾à¤²à¤¤ (जिल्ला अदालत)
2025-05-24 15:59:21,103 - INFO - Found 2 decisions for à¤à¤¦à¤¯à¤ªà¥à¤° à¤à¤¿à¤²à¥à¤²à¤¾ à¤à¤¦à¤¾à¤²à¤¤ on 2069-01-06
2025-05-24 15:59:21,103 - INFO -   ✓ 2069-01-06: 2 decisions from à¤à¤¦à¤¯à¤ªà¥à¤° à¤à¤¿à¤²à¥à¤²à¤¾ à¤à¤¦à¤¾à¤²à¤¤
2025-05-24 15:59:31,449 - INFO - Found 4 decisions for à¤à¤¦à¤¯à¤ªà¥à¤° à¤à¤¿à¤²à¥à¤²à¤¾ à¤à¤¦à¤¾à¤²à¤¤ on 2069-01-10
2025-05-24 15:59:31,450 - INFO -   ✓ 2069-01-10: 4 decisions from à¤à¤¦à¤¯à¤ªà¥à¤° à¤à¤¿à¤²à¥à¤²à¤¾ à¤à¤¦à¤¾à¤²à¤¤
2025-05-24 15:59:32,958 - INFO - 
Processing court 24/97: à¤à¤à¤²à¤¢à¥à¤à¤à¤¾ à¤à¤¿à¤²à¥à¤²à¤¾ à¤à¤¦à¤¾à¤²à¤¤ (जिल्ला अदालत)
2025-05-24 15:59:54,245 - INFO - 
Processing court 25/97: à¤à¤¨à¥à¤à¤¨à¤ªà¥à¤° à¤à¤¿à¤²à¥à¤²à¤¾ à¤à¤¦à¤¾à¤²à¤¤ (जिल्ला अदालत)
2025-05-24 16:00:06,370 - INFO - Found 1 decisions for à¤à¤¨à¥à¤à¤¨à¤ªà¥à¤° à¤à¤¿à¤²à¥à¤²à¤¾ à¤à¤¦à¤¾à¤²à¤¤ on 2069-01-06
2025-05-24 16:00:06,372 - INFO -   ✓ 2069-01-06: 1 decisions from à¤à¤¨à¥à¤à¤¨à¤ªà¥à¤° à¤à¤¿à¤²à¥à¤²à¤¾ à¤à¤¦à¤¾à¤²à¤¤
2025-05-24 16:00:09,156 - INFO - Found 1 decisions for à¤à¤¨à¥à¤à¤¨à¤ªà¥à¤° à¤à¤¿à¤²à¥à¤²à¤¾ à¤à¤¦à¤¾à¤²à¤¤ on 2069-01-07
2025-05-24 16:00:09,157 - INFO -   ✓ 2069-01-07: 1 decisions from à¤à¤¨à¥à¤à¤¨à¤ªà¥à¤° à¤à¤¿à¤²à¥à¤²à¤¾ à¤à¤¦à¤¾à¤²à¤¤
2025-05-24 16:00:17,270 - INFO - 
Processing court 26/97: à¤à¤ªà¤¿à¤²à¤µà¤¸à¥à¤¤à¥ à¤à¤¿à¤²à¥à¤²à¤¾ à¤à¤¦à¤¾à¤²à¤¤ (जिल्ला अदालत)
2025-05-24 16:00:25,124 - INFO - Found 7 decisions for à¤à¤ªà¤¿à¤²à¤µà¤¸à¥à¤¤à¥ à¤à¤¿à¤²à¥à¤²à¤¾ à¤à¤¦à¤¾à¤²à¤¤ on 2069-01-03
2025-05-24 16:00:25,124 - INFO -   ✓ 2069-01-03: 7 decisions from à¤à¤ªà¤¿à¤²à¤µà¤¸à¥à¤¤à¥ à¤à¤¿à¤²à¥à¤²à¤¾ à¤à¤¦à¤¾à¤²à¤¤
2025-05-24 16:00:31,878 - INFO - Found 7 decisions for à¤à¤ªà¤¿à¤²à¤µà¤¸à¥à¤¤à¥ à¤à¤¿à¤²à¥à¤²à¤¾ à¤à¤¦à¤¾à¤²à¤¤ on 2069-01-05
2025-05-24 16:00:31,879 - INFO -   ✓ 2069-01-05: 7 decisions from à¤à¤ªà¤¿à¤²à¤µà¤¸à¥à¤¤à¥ à¤à¤¿à¤²à¥à¤²à¤¾ à¤à¤¦à¤¾à¤²à¤¤
2025-05-24 16:00:34,585 - INFO - Found 4 decisions for à¤à¤ªà¤¿à¤²à¤µà¤¸à¥à¤¤à¥ à¤à¤¿à¤²à¥à¤²à¤¾ à¤à¤¦à¤¾à¤²à¤¤ on 2069-01-06
2025-05-24 16:00:34,585 - INFO -   ✓ 2069-01-06: 4 decisions from à¤à¤ªà¤¿à¤²à¤µà¤¸à¥à¤¤à¥ à¤à¤¿à¤²à¥à¤²à¤¾ à¤à¤¦à¤¾à¤²à¤¤
2025-05-24 16:00:40,621 - INFO - Found 19 decisions for à¤à¤ªà¤¿à¤²à¤µà¤¸à¥à¤¤à¥ à¤à¤¿à¤²à¥à¤²à¤¾ à¤à¤¦à¤¾à¤²à¤¤ on 2069-01-07
2025-05-24 16:00:40,621 - INFO -   ✓ 2069-01-07: 19 decisions from à¤à¤ªà¤¿à¤²à¤µà¤¸à¥à¤¤à¥ à¤à¤¿à¤²à¥à¤²à¤¾ à¤à¤¦à¤¾à¤²à¤¤
2025-05-24 16:00:43,293 - INFO - Found 2 decisions for à¤à¤ªà¤¿à¤²à¤µà¤¸à¥à¤¤à¥ à¤à¤¿à¤²à¥à¤²à¤¾ à¤à¤¦à¤¾à¤²à¤¤ on 2069-01-08
2025-05-24 16:00:43,294 - INFO -   ✓ 2069-01-08: 2 decisions from à¤à¤ªà¤¿à¤²à¤µà¤¸à¥à¤¤à¥ à¤à¤¿à¤²à¥à¤²à¤¾ à¤à¤¦à¤¾à¤²à¤¤
2025-05-24 16:00:48,257 - INFO - Found 2 decisions for à¤à¤ªà¤¿à¤²à¤µà¤¸à¥à¤¤à¥ à¤à¤¿à¤²à¥à¤²à¤¾ à¤à¤¦à¤¾à¤²à¤¤ on 2069-01-10
2025-05-24 16:00:48,258 - INFO -   ✓ 2069-01-10: 2 decisions from à¤à¤ªà¤¿à¤²à¤µà¤¸à¥à¤¤à¥ à¤à¤¿à¤²à¥à¤²à¤¾ à¤à¤¦à¤¾à¤²à¤¤
2025-05-24 16:00:49,761 - INFO - 
Processing court 27/97: à¤à¤¾à¤ à¤®à¤¾à¤£à¥à¤¡à¥à¤ à¤à¤¿à¤²à¥à¤²à¤¾ à¤à¤¦à¤¾à¤²à¤¤ (जिल्ला अदालत)
2025-05-24 16:00:55,956 - INFO - Found 1 decisions for à¤à¤¾à¤ à¤®à¤¾à¤£à¥à¤¡à¥à¤ à¤à¤¿à¤²à¥à¤²à¤¾ à¤à¤¦à¤¾à¤²à¤¤ on 2069-01-03
2025-05-24 16:00:55,957 - INFO -   ✓ 2069-01-03: 1 decisions from à¤à¤¾à¤ à¤®à¤¾à¤£à¥à¤¡à¥à¤ à¤à¤¿à¤²à¥à¤²à¤¾ à¤à¤¦à¤¾à¤²à¤¤
2025-05-24 16:00:59,928 - INFO - Found 7 decisions for à¤à¤¾à¤ à¤®à¤¾à¤£à¥à¤¡à¥à¤ à¤à¤¿à¤²à¥à¤²à¤¾ à¤à¤¦à¤¾à¤²à¤¤ on 2069-01-04
2025-05-24 16:00:59,929 - INFO -   ✓ 2069-01-04: 7 decisions from à¤à¤¾à¤ à¤®à¤¾à¤£à¥à¤¡à¥à¤ à¤à¤¿à¤²à¥à¤²à¤¾ à¤à¤¦à¤¾à¤²à¤¤
2025-05-24 16:01:03,931 - INFO - Found 5 decisions for à¤à¤¾à¤ à¤®à¤¾à¤£à¥à¤¡à¥à¤ à¤à¤¿à¤²à¥à¤²à¤¾ à¤à¤¦à¤¾à¤²à¤¤ on 2069-01-05
2025-05-24 16:01:03,931 - INFO -   ✓ 2069-01-05: 5 decisions from à¤à¤¾à¤ à¤®à¤¾à¤£à¥à¤¡à¥à¤ à¤à¤¿à¤²à¥à¤²à¤¾ à¤à¤¦à¤¾à¤²à¤¤
2025-05-24 16:01:07,001 - INFO - Found 1 decisions for à¤à¤¾à¤ à¤®à¤¾à¤£à¥à¤¡à¥à¤ à¤à¤¿à¤²à¥à¤²à¤¾ à¤à¤¦à¤¾à¤²à¤¤ on 2069-01-06
2025-05-24 16:01:07,001 - INFO -   ✓ 2069-01-06: 1 decisions from à¤à¤¾à¤ à¤®à¤¾à¤£à¥à¤¡à¥à¤ à¤à¤¿à¤²à¥à¤²à¤¾ à¤à¤¦à¤¾à¤²à¤¤
2025-05-24 16:01:10,087 - INFO - Found 2 decisions for à¤à¤¾à¤ à¤®à¤¾à¤£à¥à¤¡à¥à¤ à¤à¤¿à¤²à¥à¤²à¤¾ à¤à¤¦à¤¾à¤²à¤¤ on 2069-01-07
2025-05-24 16:01:10,088 - INFO -   ✓ 2069-01-07: 2 decisions from à¤à¤¾à¤ à¤®à¤¾à¤£à¥à¤¡à¥à¤ à¤à¤¿à¤²à¥à¤²à¤¾ à¤à¤¦à¤¾à¤²à¤¤
2025-05-24 16:01:13,190 - INFO - Found 3 decisions for à¤à¤¾à¤ à¤®à¤¾à¤£à¥à¤¡à¥à¤ à¤à¤¿à¤²à¥à¤²à¤¾ à¤à¤¦à¤¾à¤²à¤¤ on 2069-01-08
2025-05-24 16:01:13,190 - INFO -   ✓ 2069-01-08: 3 decisions from à¤à¤¾à¤ à¤®à¤¾à¤£à¥à¤¡à¥à¤ à¤à¤¿à¤²à¥à¤²à¤¾ à¤à¤¦à¤¾à¤²à¤¤
2025-05-24 16:01:18,754 - INFO - Found 1 decisions for à¤à¤¾à¤ à¤®à¤¾à¤£à¥à¤¡à¥à¤ à¤à¤¿à¤²à¥à¤²à¤¾ à¤à¤¦à¤¾à¤²à¤¤ on 2069-01-10
2025-05-24 16:01:18,755 - INFO -   ✓ 2069-01-10: 1 decisions from à¤à¤¾à¤ à¤®à¤¾à¤£à¥à¤¡à¥à¤ à¤à¤¿à¤²à¥à¤²à¤¾ à¤à¤¦à¤¾à¤²à¤¤
2025-05-24 16:01:20,263 - INFO - 
Processing court 28/97: à¤à¤¾à¤­à¥à¤°à¥à¤ªà¤²à¤¾à¤¨à¥à¤à¥à¤ à¤à¤¿à¤²à¥à¤²à¤¾ à¤à¤¦à¤¾à¤²à¤¤ (जिल्ला अदालत)
2025-05-24 16:01:25,587 - INFO - Found 2 decisions for à¤à¤¾à¤­à¥à¤°à¥à¤ªà¤²à¤¾à¤¨à¥à¤à¥à¤ à¤à¤¿à¤²à¥à¤²à¤¾ à¤à¤¦à¤¾à¤²à¤¤ on 2069-01-03
2025-05-24 16:01:25,587 - INFO -   ✓ 2069-01-03: 2 decisions from à¤à¤¾à¤­à¥à¤°à¥à¤ªà¤²à¤¾à¤¨à¥à¤à¥à¤ à¤à¤¿à¤²à¥à¤²à¤¾ à¤à¤¦à¤¾à¤²à¤¤
2025-05-24 16:01:28,086 - INFO - Found 2 decisions for à¤à¤¾à¤­à¥à¤°à¥à¤ªà¤²à¤¾à¤¨à¥à¤à¥à¤ à¤à¤¿à¤²à¥à¤²à¤¾ à¤à¤¦à¤¾à¤²à¤¤ on 2069-01-04
2025-05-24 16:01:28,086 - INFO -   ✓ 2069-01-04: 2 decisions from à¤à¤¾à¤­à¥à¤°à¥à¤ªà¤²à¤¾à¤¨à¥à¤à¥à¤ à¤à¤¿à¤²à¥à¤²à¤¾ à¤à¤¦à¤¾à¤²à¤¤
2025-05-24 16:01:32,665 - INFO - Found 1 decisions for à¤à¤¾à¤­à¥à¤°à¥à¤ªà¤²à¤¾à¤¨à¥à¤à¥à¤ à¤à¤¿à¤²à¥à¤²à¤¾ à¤à¤¦à¤¾à¤²à¤¤ on 2069-01-06
2025-05-24 16:01:32,666 - INFO -   ✓ 2069-01-06: 1 decisions from à¤à¤¾à¤­à¥à¤°à¥à¤ªà¤²à¤¾à¤¨à¥à¤à¥à¤ à¤à¤¿à¤²à¥à¤²à¤¾ à¤à¤¦à¤¾à¤²à¤¤
2025-05-24 16:01:42,625 - INFO - Found 4 decisions for à¤à¤¾à¤­à¥à¤°à¥à¤ªà¤²à¤¾à¤¨à¥à¤à¥à¤ à¤à¤¿à¤²à¥à¤²à¤¾ à¤à¤¦à¤¾à¤²à¤¤ on 2069-01-10
2025-05-24 16:01:42,625 - INFO -   ✓ 2069-01-10: 4 decisions from à¤à¤¾à¤­à¥à¤°à¥à¤ªà¤²à¤¾à¤¨à¥à¤à¥à¤ à¤à¤¿à¤²à¥à¤²à¤¾ à¤à¤¦à¤¾à¤²à¤¤
2025-05-24 16:01:44,135 - INFO - 
Processing court 29/97: à¤à¤¾à¤²à¤¿à¤à¥à¤ à¤à¤¿à¤²à¥à¤²à¤¾ à¤à¤¦à¤¾à¤²à¤¤ (जिल्ला अदालत)
2025-05-24 16:02:05,440 - INFO - 
Processing court 30/97: à¤à¤¾à¤¸à¥à¤à¥ à¤à¤¿à¤²à¥à¤²à¤¾ à¤à¤¦à¤¾à¤²à¤¤ (जिल्ला अदालत)
2025-05-24 16:02:11,505 - INFO - Found 3 decisions for à¤à¤¾à¤¸à¥à¤à¥ à¤à¤¿à¤²à¥à¤²à¤¾ à¤à¤¦à¤¾à¤²à¤¤ on 2069-01-03
2025-05-24 16:02:11,506 - INFO -   ✓ 2069-01-03: 3 decisions from à¤à¤¾à¤¸à¥à¤à¥ à¤à¤¿à¤²à¥à¤²à¤¾ à¤à¤¦à¤¾à¤²à¤¤
2025-05-24 16:02:16,021 - INFO - Found 6 decisions for à¤à¤¾à¤¸à¥à¤à¥ à¤à¤¿à¤²à¥à¤²à¤¾ à¤à¤¦à¤¾à¤²à¤¤ on 2069-01-04
2025-05-24 16:02:16,021 - INFO -   ✓ 2069-01-04: 6 decisions from à¤à¤¾à¤¸à¥à¤à¥ à¤à¤¿à¤²à¥à¤²à¤¾ à¤à¤¦à¤¾à¤²à¤¤
2025-05-24 16:02:20,325 - INFO - Found 6 decisions for à¤à¤¾à¤¸à¥à¤à¥ à¤à¤¿à¤²à¥à¤²à¤¾ à¤à¤¦à¤¾à¤²à¤¤ on 2069-01-05
2025-05-24 16:02:20,325 - INFO -   ✓ 2069-01-05: 6 decisions from à¤à¤¾à¤¸à¥à¤à¥ à¤à¤¿à¤²à¥à¤²à¤¾ à¤à¤¦à¤¾à¤²à¤¤
2025-05-24 16:02:26,414 - INFO - Found 15 decisions for à¤à¤¾à¤¸à¥à¤à¥ à¤à¤¿à¤²à¥à¤²à¤¾ à¤à¤¦à¤¾à¤²à¤¤ on 2069-01-06
2025-05-24 16:02:26,414 - INFO -   ✓ 2069-01-06: 15 decisions from à¤à¤¾à¤¸à¥à¤à¥ à¤à¤¿à¤²à¥à¤²à¤¾ à¤à¤¦à¤¾à¤²à¤¤
2025-05-24 16:02:30,246 - INFO - Found 4 decisions for à¤à¤¾à¤¸à¥à¤à¥ à¤à¤¿à¤²à¥à¤²à¤¾ à¤à¤¦à¤¾à¤²à¤¤ on 2069-01-07
2025-05-24 16:02:30,246 - INFO -   ✓ 2069-01-07: 4 decisions from à¤à¤¾à¤¸à¥à¤à¥ à¤à¤¿à¤²à¥à¤²à¤¾ à¤à¤¦à¤¾à¤²à¤¤
2025-05-24 16:02:36,454 - INFO - Progress: 300/970 (30.9%) - Found 608 decisions so far
2025-05-24 16:02:37,617 - INFO - Found 1 decisions for à¤à¤¾à¤¸à¥à¤à¥ à¤à¤¿à¤²à¥à¤²à¤¾ à¤à¤¦à¤¾à¤²à¤¤ on 2069-01-10
2025-05-24 16:02:37,618 - INFO -   ✓ 2069-01-10: 1 decisions from à¤à¤¾à¤¸à¥à¤à¥ à¤à¤¿à¤²à¥à¤²à¤¾ à¤à¤¦à¤¾à¤²à¤¤
2025-05-24 16:02:39,128 - INFO - 
Processing court 31/97: à¤à¥à¤²à¤¾à¤²à¥ à¤à¤¿à¤²à¥à¤²à¤¾ à¤à¤¦à¤¾à¤²à¤¤ (जिल्ला अदालत)
2025-05-24 16:02:44,579 - INFO - Found 1 decisions for à¤à¥à¤²à¤¾à¤²à¥ à¤à¤¿à¤²à¥à¤²à¤¾ à¤à¤¦à¤¾à¤²à¤¤ on 2069-01-03
2025-05-24 16:02:44,579 - INFO -   ✓ 2069-01-03: 1 decisions from à¤à¥à¤²à¤¾à¤²à¥ à¤à¤¿à¤²à¥à¤²à¤¾ à¤à¤¦à¤¾à¤²à¤¤
2025-05-24 16:02:49,589 - INFO - Found 2 decisions for à¤à¥à¤²à¤¾à¤²à¥ à¤à¤¿à¤²à¥à¤²à¤¾ à¤à¤¦à¤¾à¤²à¤¤ on 2069-01-05
2025-05-24 16:02:49,589 - INFO -   ✓ 2069-01-05: 2 decisions from à¤à¥à¤²à¤¾à¤²à¥ à¤à¤¿à¤²à¥à¤²à¤¾ à¤à¤¦à¤¾à¤²à¤¤
2025-05-24 16:02:51,957 - INFO - Found 1 decisions for à¤à¥à¤²à¤¾à¤²à¥ à¤à¤¿à¤²à¥à¤²à¤¾ à¤à¤¦à¤¾à¤²à¤¤ on 2069-01-06
2025-05-24 16:02:51,958 - INFO -   ✓ 2069-01-06: 1 decisions from à¤à¥à¤²à¤¾à¤²à¥ à¤à¤¿à¤²à¥à¤²à¤¾ à¤à¤¦à¤¾à¤²à¤¤
2025-05-24 16:02:55,056 - INFO - Found 2 decisions for à¤à¥à¤²à¤¾à¤²à¥ à¤à¤¿à¤²à¥à¤²à¤¾ à¤à¤¦à¤¾à¤²à¤¤ on 2069-01-07
2025-05-24 16:02:55,057 - INFO -   ✓ 2069-01-07: 2 decisions from à¤à¥à¤²à¤¾à¤²à¥ à¤à¤¿à¤²à¥à¤²à¤¾ à¤à¤¦à¤¾à¤²à¤¤
2025-05-24 16:02:57,581 - INFO - Found 1 decisions for à¤à¥à¤²à¤¾à¤²à¥ à¤à¤¿à¤²à¥à¤²à¤¾ à¤à¤¦à¤¾à¤²à¤¤ on 2069-01-08
2025-05-24 16:02:57,581 - INFO -   ✓ 2069-01-08: 1 decisions from à¤à¥à¤²à¤¾à¤²à¥ à¤à¤¿à¤²à¥à¤²à¤¾ à¤à¤¦à¤¾à¤²à¤¤
2025-05-24 16:03:03,433 - INFO - Found 4 decisions for à¤à¥à¤²à¤¾à¤²à¥ à¤à¤¿à¤²à¥à¤²à¤¾ à¤à¤¦à¤¾à¤²à¤¤ on 2069-01-10
2025-05-24 16:03:03,433 - INFO -   ✓ 2069-01-10: 4 decisions from à¤à¥à¤²à¤¾à¤²à¥ à¤à¤¿à¤²à¥à¤²à¤¾ à¤à¤¦à¤¾à¤²à¤¤
2025-05-24 16:03:04,939 - INFO - 
Processing court 32/97: à¤à¥à¤à¤¾à¤à¤ à¤à¤¿à¤²à¥à¤²à¤¾ à¤à¤¦à¤¾à¤²à¤¤ (जिल्ला अदालत)
